

Processing ApplicationController#index (for ::1 at 2010-02-25 14:07:18) [GET]

ActionController::RoutingError (No route matches "/rails/info/properties" with {:method=>:get}):
  passenger (2.2.10) lib/phusion_passenger/rack/request_handler.rb:92:in `process_request'
  passenger (2.2.10) lib/phusion_passenger/abstract_request_handler.rb:207:in `main_loop'
  passenger (2.2.10) lib/phusion_passenger/railz/application_spawner.rb:418:in `start_request_handler'
  passenger (2.2.10) lib/phusion_passenger/railz/application_spawner.rb:358:in `handle_spawn_application'
  passenger (2.2.10) lib/phusion_passenger/utils.rb:184:in `safe_fork'
  passenger (2.2.10) lib/phusion_passenger/railz/application_spawner.rb:354:in `handle_spawn_application'
  passenger (2.2.10) lib/phusion_passenger/abstract_server.rb:352:in `__send__'
  passenger (2.2.10) lib/phusion_passenger/abstract_server.rb:352:in `main_loop'
  passenger (2.2.10) lib/phusion_passenger/abstract_server.rb:196:in `start_synchronously'
  passenger (2.2.10) lib/phusion_passenger/abstract_server.rb:163:in `start'
  passenger (2.2.10) lib/phusion_passenger/railz/application_spawner.rb:213:in `start'
  passenger (2.2.10) lib/phusion_passenger/spawn_manager.rb:262:in `spawn_rails_application'
  passenger (2.2.10) lib/phusion_passenger/abstract_server_collection.rb:126:in `lookup_or_add'
  passenger (2.2.10) lib/phusion_passenger/spawn_manager.rb:256:in `spawn_rails_application'
  passenger (2.2.10) lib/phusion_passenger/abstract_server_collection.rb:80:in `synchronize'
  passenger (2.2.10) lib/phusion_passenger/abstract_server_collection.rb:79:in `synchronize'
  passenger (2.2.10) lib/phusion_passenger/spawn_manager.rb:255:in `spawn_rails_application'
  passenger (2.2.10) lib/phusion_passenger/spawn_manager.rb:154:in `spawn_application'
  passenger (2.2.10) lib/phusion_passenger/spawn_manager.rb:287:in `handle_spawn_application'
  passenger (2.2.10) lib/phusion_passenger/abstract_server.rb:352:in `__send__'
  passenger (2.2.10) lib/phusion_passenger/abstract_server.rb:352:in `main_loop'
  passenger (2.2.10) lib/phusion_passenger/abstract_server.rb:196:in `start_synchronously'

Rendering /home/ninadtambe/cheers/public/404.html (404 Not Found)


Processing ApplicationController#index (for ::1 at 2010-02-25 14:07:57) [GET]

ActionController::RoutingError (No route matches "/rails/info/properties" with {:method=>:get}):
  passenger (2.2.10) lib/phusion_passenger/rack/request_handler.rb:92:in `process_request'
  passenger (2.2.10) lib/phusion_passenger/abstract_request_handler.rb:207:in `main_loop'
  passenger (2.2.10) lib/phusion_passenger/railz/application_spawner.rb:418:in `start_request_handler'
  passenger (2.2.10) lib/phusion_passenger/railz/application_spawner.rb:358:in `handle_spawn_application'
  passenger (2.2.10) lib/phusion_passenger/utils.rb:184:in `safe_fork'
  passenger (2.2.10) lib/phusion_passenger/railz/application_spawner.rb:354:in `handle_spawn_application'
  passenger (2.2.10) lib/phusion_passenger/abstract_server.rb:352:in `__send__'
  passenger (2.2.10) lib/phusion_passenger/abstract_server.rb:352:in `main_loop'
  passenger (2.2.10) lib/phusion_passenger/abstract_server.rb:196:in `start_synchronously'
  passenger (2.2.10) lib/phusion_passenger/abstract_server.rb:163:in `start'
  passenger (2.2.10) lib/phusion_passenger/railz/application_spawner.rb:213:in `start'
  passenger (2.2.10) lib/phusion_passenger/spawn_manager.rb:262:in `spawn_rails_application'
  passenger (2.2.10) lib/phusion_passenger/abstract_server_collection.rb:126:in `lookup_or_add'
  passenger (2.2.10) lib/phusion_passenger/spawn_manager.rb:256:in `spawn_rails_application'
  passenger (2.2.10) lib/phusion_passenger/abstract_server_collection.rb:80:in `synchronize'
  passenger (2.2.10) lib/phusion_passenger/abstract_server_collection.rb:79:in `synchronize'
  passenger (2.2.10) lib/phusion_passenger/spawn_manager.rb:255:in `spawn_rails_application'
  passenger (2.2.10) lib/phusion_passenger/spawn_manager.rb:154:in `spawn_application'
  passenger (2.2.10) lib/phusion_passenger/spawn_manager.rb:287:in `handle_spawn_application'
  passenger (2.2.10) lib/phusion_passenger/abstract_server.rb:352:in `__send__'
  passenger (2.2.10) lib/phusion_passenger/abstract_server.rb:352:in `main_loop'
  passenger (2.2.10) lib/phusion_passenger/abstract_server.rb:196:in `start_synchronously'

Rendering /home/ninadtambe/cheers/public/404.html (404 Not Found)


Processing ApplicationController#index (for ::1 at 2010-02-25 14:08:20) [GET]

ActionController::RoutingError (No route matches "/rails/info/properties" with {:method=>:get}):
  passenger (2.2.10) lib/phusion_passenger/rack/request_handler.rb:92:in `process_request'
  passenger (2.2.10) lib/phusion_passenger/abstract_request_handler.rb:207:in `main_loop'
  passenger (2.2.10) lib/phusion_passenger/railz/application_spawner.rb:418:in `start_request_handler'
  passenger (2.2.10) lib/phusion_passenger/railz/application_spawner.rb:358:in `handle_spawn_application'
  passenger (2.2.10) lib/phusion_passenger/utils.rb:184:in `safe_fork'
  passenger (2.2.10) lib/phusion_passenger/railz/application_spawner.rb:354:in `handle_spawn_application'
  passenger (2.2.10) lib/phusion_passenger/abstract_server.rb:352:in `__send__'
  passenger (2.2.10) lib/phusion_passenger/abstract_server.rb:352:in `main_loop'
  passenger (2.2.10) lib/phusion_passenger/abstract_server.rb:196:in `start_synchronously'
  passenger (2.2.10) lib/phusion_passenger/abstract_server.rb:163:in `start'
  passenger (2.2.10) lib/phusion_passenger/railz/application_spawner.rb:213:in `start'
  passenger (2.2.10) lib/phusion_passenger/spawn_manager.rb:262:in `spawn_rails_application'
  passenger (2.2.10) lib/phusion_passenger/abstract_server_collection.rb:126:in `lookup_or_add'
  passenger (2.2.10) lib/phusion_passenger/spawn_manager.rb:256:in `spawn_rails_application'
  passenger (2.2.10) lib/phusion_passenger/abstract_server_collection.rb:80:in `synchronize'
  passenger (2.2.10) lib/phusion_passenger/abstract_server_collection.rb:79:in `synchronize'
  passenger (2.2.10) lib/phusion_passenger/spawn_manager.rb:255:in `spawn_rails_application'
  passenger (2.2.10) lib/phusion_passenger/spawn_manager.rb:154:in `spawn_application'
  passenger (2.2.10) lib/phusion_passenger/spawn_manager.rb:287:in `handle_spawn_application'
  passenger (2.2.10) lib/phusion_passenger/abstract_server.rb:352:in `__send__'
  passenger (2.2.10) lib/phusion_passenger/abstract_server.rb:352:in `main_loop'
  passenger (2.2.10) lib/phusion_passenger/abstract_server.rb:196:in `start_synchronously'

Rendering /home/ninadtambe/cheers/public/404.html (404 Not Found)


Processing ApplicationController#index (for ::1 at 2010-02-25 14:08:20) [GET]

ActionController::RoutingError (No route matches "/rails/info/properties" with {:method=>:get}):
  passenger (2.2.10) lib/phusion_passenger/rack/request_handler.rb:92:in `process_request'
  passenger (2.2.10) lib/phusion_passenger/abstract_request_handler.rb:207:in `main_loop'
  passenger (2.2.10) lib/phusion_passenger/railz/application_spawner.rb:418:in `start_request_handler'
  passenger (2.2.10) lib/phusion_passenger/railz/application_spawner.rb:358:in `handle_spawn_application'
  passenger (2.2.10) lib/phusion_passenger/utils.rb:184:in `safe_fork'
  passenger (2.2.10) lib/phusion_passenger/railz/application_spawner.rb:354:in `handle_spawn_application'
  passenger (2.2.10) lib/phusion_passenger/abstract_server.rb:352:in `__send__'
  passenger (2.2.10) lib/phusion_passenger/abstract_server.rb:352:in `main_loop'
  passenger (2.2.10) lib/phusion_passenger/abstract_server.rb:196:in `start_synchronously'
  passenger (2.2.10) lib/phusion_passenger/abstract_server.rb:163:in `start'
  passenger (2.2.10) lib/phusion_passenger/railz/application_spawner.rb:213:in `start'
  passenger (2.2.10) lib/phusion_passenger/spawn_manager.rb:262:in `spawn_rails_application'
  passenger (2.2.10) lib/phusion_passenger/abstract_server_collection.rb:126:in `lookup_or_add'
  passenger (2.2.10) lib/phusion_passenger/spawn_manager.rb:256:in `spawn_rails_application'
  passenger (2.2.10) lib/phusion_passenger/abstract_server_collection.rb:80:in `synchronize'
  passenger (2.2.10) lib/phusion_passenger/abstract_server_collection.rb:79:in `synchronize'
  passenger (2.2.10) lib/phusion_passenger/spawn_manager.rb:255:in `spawn_rails_application'
  passenger (2.2.10) lib/phusion_passenger/spawn_manager.rb:154:in `spawn_application'
  passenger (2.2.10) lib/phusion_passenger/spawn_manager.rb:287:in `handle_spawn_application'
  passenger (2.2.10) lib/phusion_passenger/abstract_server.rb:352:in `__send__'
  passenger (2.2.10) lib/phusion_passenger/abstract_server.rb:352:in `main_loop'
  passenger (2.2.10) lib/phusion_passenger/abstract_server.rb:196:in `start_synchronously'

Rendering /home/ninadtambe/cheers/public/404.html (404 Not Found)


Processing ApplicationController#index (for ::1 at 2010-02-25 14:09:03) [GET]

ActionController::RoutingError (No route matches "/rails/info/properties" with {:method=>:get}):
  passenger (2.2.10) lib/phusion_passenger/rack/request_handler.rb:92:in `process_request'
  passenger (2.2.10) lib/phusion_passenger/abstract_request_handler.rb:207:in `main_loop'
  passenger (2.2.10) lib/phusion_passenger/railz/application_spawner.rb:418:in `start_request_handler'
  passenger (2.2.10) lib/phusion_passenger/railz/application_spawner.rb:358:in `handle_spawn_application'
  passenger (2.2.10) lib/phusion_passenger/utils.rb:184:in `safe_fork'
  passenger (2.2.10) lib/phusion_passenger/railz/application_spawner.rb:354:in `handle_spawn_application'
  passenger (2.2.10) lib/phusion_passenger/abstract_server.rb:352:in `__send__'
  passenger (2.2.10) lib/phusion_passenger/abstract_server.rb:352:in `main_loop'
  passenger (2.2.10) lib/phusion_passenger/abstract_server.rb:196:in `start_synchronously'
  passenger (2.2.10) lib/phusion_passenger/abstract_server.rb:163:in `start'
  passenger (2.2.10) lib/phusion_passenger/railz/application_spawner.rb:213:in `start'
  passenger (2.2.10) lib/phusion_passenger/spawn_manager.rb:262:in `spawn_rails_application'
  passenger (2.2.10) lib/phusion_passenger/abstract_server_collection.rb:126:in `lookup_or_add'
  passenger (2.2.10) lib/phusion_passenger/spawn_manager.rb:256:in `spawn_rails_application'
  passenger (2.2.10) lib/phusion_passenger/abstract_server_collection.rb:80:in `synchronize'
  passenger (2.2.10) lib/phusion_passenger/abstract_server_collection.rb:79:in `synchronize'
  passenger (2.2.10) lib/phusion_passenger/spawn_manager.rb:255:in `spawn_rails_application'
  passenger (2.2.10) lib/phusion_passenger/spawn_manager.rb:154:in `spawn_application'
  passenger (2.2.10) lib/phusion_passenger/spawn_manager.rb:287:in `handle_spawn_application'
  passenger (2.2.10) lib/phusion_passenger/abstract_server.rb:352:in `__send__'
  passenger (2.2.10) lib/phusion_passenger/abstract_server.rb:352:in `main_loop'
  passenger (2.2.10) lib/phusion_passenger/abstract_server.rb:196:in `start_synchronously'

Rendering /home/ninadtambe/cheers/public/404.html (404 Not Found)


Processing ApplicationController#index (for ::1 at 2010-02-25 14:09:20) [GET]

ActionController::RoutingError (No route matches "/rails/info/properties" with {:method=>:get}):
  passenger (2.2.10) lib/phusion_passenger/rack/request_handler.rb:92:in `process_request'
  passenger (2.2.10) lib/phusion_passenger/abstract_request_handler.rb:207:in `main_loop'
  passenger (2.2.10) lib/phusion_passenger/railz/application_spawner.rb:418:in `start_request_handler'
  passenger (2.2.10) lib/phusion_passenger/railz/application_spawner.rb:358:in `handle_spawn_application'
  passenger (2.2.10) lib/phusion_passenger/utils.rb:184:in `safe_fork'
  passenger (2.2.10) lib/phusion_passenger/railz/application_spawner.rb:354:in `handle_spawn_application'
  passenger (2.2.10) lib/phusion_passenger/abstract_server.rb:352:in `__send__'
  passenger (2.2.10) lib/phusion_passenger/abstract_server.rb:352:in `main_loop'
  passenger (2.2.10) lib/phusion_passenger/abstract_server.rb:196:in `start_synchronously'
  passenger (2.2.10) lib/phusion_passenger/abstract_server.rb:163:in `start'
  passenger (2.2.10) lib/phusion_passenger/railz/application_spawner.rb:213:in `start'
  passenger (2.2.10) lib/phusion_passenger/spawn_manager.rb:262:in `spawn_rails_application'
  passenger (2.2.10) lib/phusion_passenger/abstract_server_collection.rb:126:in `lookup_or_add'
  passenger (2.2.10) lib/phusion_passenger/spawn_manager.rb:256:in `spawn_rails_application'
  passenger (2.2.10) lib/phusion_passenger/abstract_server_collection.rb:80:in `synchronize'
  passenger (2.2.10) lib/phusion_passenger/abstract_server_collection.rb:79:in `synchronize'
  passenger (2.2.10) lib/phusion_passenger/spawn_manager.rb:255:in `spawn_rails_application'
  passenger (2.2.10) lib/phusion_passenger/spawn_manager.rb:154:in `spawn_application'
  passenger (2.2.10) lib/phusion_passenger/spawn_manager.rb:287:in `handle_spawn_application'
  passenger (2.2.10) lib/phusion_passenger/abstract_server.rb:352:in `__send__'
  passenger (2.2.10) lib/phusion_passenger/abstract_server.rb:352:in `main_loop'
  passenger (2.2.10) lib/phusion_passenger/abstract_server.rb:196:in `start_synchronously'

Rendering /home/ninadtambe/cheers/public/404.html (404 Not Found)


Processing ApplicationController#index (for ::1 at 2010-02-25 14:15:08) [GET]

ActionController::RoutingError (No route matches "/rails/info/properties" with {:method=>:get}):
  passenger (2.2.10) lib/phusion_passenger/rack/request_handler.rb:92:in `process_request'
  passenger (2.2.10) lib/phusion_passenger/abstract_request_handler.rb:207:in `main_loop'
  passenger (2.2.10) lib/phusion_passenger/railz/application_spawner.rb:418:in `start_request_handler'
  passenger (2.2.10) lib/phusion_passenger/railz/application_spawner.rb:358:in `handle_spawn_application'
  passenger (2.2.10) lib/phusion_passenger/utils.rb:184:in `safe_fork'
  passenger (2.2.10) lib/phusion_passenger/railz/application_spawner.rb:354:in `handle_spawn_application'
  passenger (2.2.10) lib/phusion_passenger/abstract_server.rb:352:in `__send__'
  passenger (2.2.10) lib/phusion_passenger/abstract_server.rb:352:in `main_loop'
  passenger (2.2.10) lib/phusion_passenger/abstract_server.rb:196:in `start_synchronously'
  passenger (2.2.10) lib/phusion_passenger/abstract_server.rb:163:in `start'
  passenger (2.2.10) lib/phusion_passenger/railz/application_spawner.rb:213:in `start'
  passenger (2.2.10) lib/phusion_passenger/spawn_manager.rb:262:in `spawn_rails_application'
  passenger (2.2.10) lib/phusion_passenger/abstract_server_collection.rb:126:in `lookup_or_add'
  passenger (2.2.10) lib/phusion_passenger/spawn_manager.rb:256:in `spawn_rails_application'
  passenger (2.2.10) lib/phusion_passenger/abstract_server_collection.rb:80:in `synchronize'
  passenger (2.2.10) lib/phusion_passenger/abstract_server_collection.rb:79:in `synchronize'
  passenger (2.2.10) lib/phusion_passenger/spawn_manager.rb:255:in `spawn_rails_application'
  passenger (2.2.10) lib/phusion_passenger/spawn_manager.rb:154:in `spawn_application'
  passenger (2.2.10) lib/phusion_passenger/spawn_manager.rb:287:in `handle_spawn_application'
  passenger (2.2.10) lib/phusion_passenger/abstract_server.rb:352:in `__send__'
  passenger (2.2.10) lib/phusion_passenger/abstract_server.rb:352:in `main_loop'
  passenger (2.2.10) lib/phusion_passenger/abstract_server.rb:196:in `start_synchronously'

Rendering /home/ninadtambe/cheers/public/404.html (404 Not Found)
